<?xml version="1.0" encoding="UTF-8"?>
<coverage generated="1727766285">
  <project timestamp="1727766285">
    <package name="ErayAydin\Fingerprint\Console">
      <file name="/home/runner/work/fingerprint-laravel/fingerprint-laravel/src/Console/AboutCommandRegistrar.php">
        <class name="ErayAydin\Fingerprint\Console\AboutCommandRegistrar" namespace="ErayAydin\Fingerprint\Console">
          <metrics complexity="16" methods="4" coveredmethods="3" conditionals="0" coveredconditionals="0" statements="26" coveredstatements="25" elements="30" coveredelements="28"/>
        </class>
        <line num="26" type="method" name="register" visibility="public" complexity="7" crap="7.01" count="1"/>
        <line num="28" type="stmt" count="1"/>
        <line num="29" type="stmt" count="0"/>
        <line num="32" type="stmt" count="1"/>
        <line num="33" type="stmt" count="1"/>
        <line num="34" type="stmt" count="1"/>
        <line num="35" type="stmt" count="1"/>
        <line num="36" type="stmt" count="1"/>
        <line num="37" type="stmt" count="1"/>
        <line num="38" type="stmt" count="1"/>
        <line num="39" type="stmt" count="1"/>
        <line num="40" type="stmt" count="1"/>
        <line num="41" type="stmt" count="1"/>
        <line num="42" type="stmt" count="1"/>
        <line num="43" type="stmt" count="1"/>
        <line num="44" type="stmt" count="1"/>
        <line num="45" type="stmt" count="1"/>
        <line num="46" type="stmt" count="1"/>
        <line num="47" type="stmt" count="1"/>
        <line num="48" type="stmt" count="1"/>
        <line num="57" type="method" name="getBotConfigurationDisplay" visibility="private" complexity="4" crap="4" count="1"/>
        <line num="60" type="stmt" count="1"/>
        <line num="61" type="stmt" count="1"/>
        <line num="62" type="stmt" count="1"/>
        <line num="72" type="method" name="getTorConfigurationDisplay" visibility="private" complexity="4" crap="4" count="1"/>
        <line num="75" type="stmt" count="1"/>
        <line num="76" type="stmt" count="1"/>
        <line num="77" type="stmt" count="1"/>
        <line num="89" type="method" name="getDateIntervalDisplay" visibility="private" complexity="1" crap="1" count="1"/>
        <line num="91" type="stmt" count="1"/>
        <metrics loc="94" ncloc="64" classes="1" methods="4" coveredmethods="3" conditionals="0" coveredconditionals="0" statements="26" coveredstatements="25" elements="30" coveredelements="28"/>
      </file>
      <file name="/home/runner/work/fingerprint-laravel/fingerprint-laravel/src/Console/ConsoleHelper.php">
        <class name="ErayAydin\Fingerprint\Console\ConsoleHelper" namespace="ErayAydin\Fingerprint\Console">
          <metrics complexity="5" methods="5" coveredmethods="5" conditionals="0" coveredconditionals="0" statements="5" coveredstatements="5" elements="10" coveredelements="10"/>
        </class>
        <line num="18" type="method" name="success" visibility="public" complexity="1" crap="1" count="2"/>
        <line num="20" type="stmt" count="2"/>
        <line num="29" type="method" name="error" visibility="public" complexity="1" crap="1" count="1"/>
        <line num="31" type="stmt" count="1"/>
        <line num="40" type="method" name="warning" visibility="public" complexity="1" crap="1" count="1"/>
        <line num="42" type="stmt" count="1"/>
        <line num="51" type="method" name="info" visibility="public" complexity="1" crap="1" count="2"/>
        <line num="53" type="stmt" count="2"/>
        <line num="64" type="method" name="colorText" visibility="public" complexity="1" crap="1" count="6"/>
        <line num="66" type="stmt" count="6"/>
        <metrics loc="69" ncloc="32" classes="1" methods="5" coveredmethods="5" conditionals="0" coveredconditionals="0" statements="5" coveredstatements="5" elements="10" coveredelements="10"/>
      </file>
    </package>
    <file name="/home/runner/work/fingerprint-laravel/fingerprint-laravel/src/Enums/BotBlockConfiguration.php">
      <metrics loc="20" ncloc="11" classes="0" methods="0" coveredmethods="0" conditionals="0" coveredconditionals="0" statements="0" coveredstatements="0" elements="0" coveredelements="0"/>
    </file>
    <file name="/home/runner/work/fingerprint-laravel/fingerprint-laravel/src/Enums/BotDResult.php">
      <metrics loc="20" ncloc="11" classes="0" methods="0" coveredmethods="0" conditionals="0" coveredconditionals="0" statements="0" coveredstatements="0" elements="0" coveredelements="0"/>
    </file>
    <file name="/home/runner/work/fingerprint-laravel/fingerprint-laravel/src/Enums/TorBlockConfiguration.php">
      <metrics loc="20" ncloc="11" classes="0" methods="0" coveredmethods="0" conditionals="0" coveredconditionals="0" statements="0" coveredstatements="0" elements="0" coveredelements="0"/>
    </file>
    <package name="ErayAydin\Fingerprint">
      <file name="/home/runner/work/fingerprint-laravel/fingerprint-laravel/src/Event.php">
        <class name="ErayAydin\Fingerprint\Event" namespace="ErayAydin\Fingerprint">
          <metrics complexity="8" methods="4" coveredmethods="4" conditionals="0" coveredconditionals="0" statements="25" coveredstatements="25" elements="29" coveredelements="29"/>
        </class>
        <line num="24" type="method" name="__construct" visibility="public" complexity="1" crap="1" count="12"/>
        <line num="29" type="stmt" count="12"/>
        <line num="37" type="method" name="createFromEventResponse" visibility="public" complexity="1" crap="1" count="12"/>
        <line num="39" type="stmt" count="12"/>
        <line num="41" type="stmt" count="12"/>
        <line num="42" type="stmt" count="12"/>
        <line num="43" type="stmt" count="12"/>
        <line num="44" type="stmt" count="12"/>
        <line num="45" type="stmt" count="12"/>
        <line num="46" type="stmt" count="12"/>
        <line num="55" type="method" name="createIdentification" visibility="private" complexity="1" crap="1" count="12"/>
        <line num="57" type="stmt" count="12"/>
        <line num="59" type="stmt" count="12"/>
        <line num="60" type="stmt" count="12"/>
        <line num="61" type="stmt" count="12"/>
        <line num="62" type="stmt" count="12"/>
        <line num="63" type="stmt" count="12"/>
        <line num="64" type="stmt" count="12"/>
        <line num="65" type="stmt" count="12"/>
        <line num="66" type="stmt" count="12"/>
        <line num="67" type="stmt" count="12"/>
        <line num="68" type="stmt" count="12"/>
        <line num="77" type="method" name="getBotDResult" visibility="private" complexity="5" crap="5" count="12"/>
        <line num="79" type="stmt" count="12"/>
        <line num="80" type="stmt" count="10"/>
        <line num="81" type="stmt" count="1"/>
        <line num="82" type="stmt" count="1"/>
        <line num="83" type="stmt" count="12"/>
        <line num="84" type="stmt" count="12"/>
        <metrics loc="87" ncloc="58" classes="1" methods="4" coveredmethods="4" conditionals="0" coveredconditionals="0" statements="25" coveredstatements="25" elements="29" coveredelements="29"/>
      </file>
      <file name="/home/runner/work/fingerprint-laravel/fingerprint-laravel/src/Fingerprint.php">
        <class name="ErayAydin\Fingerprint\Fingerprint" namespace="ErayAydin\Fingerprint">
          <metrics complexity="8" methods="3" coveredmethods="2" conditionals="0" coveredconditionals="0" statements="12" coveredstatements="10" elements="15" coveredelements="12"/>
        </class>
        <line num="34" type="method" name="__construct" visibility="public" complexity="2" crap="2" count="6"/>
        <line num="36" type="stmt" count="6"/>
        <line num="38" type="stmt" count="5"/>
        <line num="39" type="stmt" count="1"/>
        <line num="42" type="stmt" count="5"/>
        <line num="55" type="method" name="getEvent" visibility="public" complexity="1" crap="1" count="2"/>
        <line num="57" type="stmt" count="2"/>
        <line num="59" type="stmt" count="1"/>
        <line num="70" type="method" name="getRegion" visibility="private" complexity="5" crap="5.93" count="6"/>
        <line num="72" type="stmt" count="6"/>
        <line num="73" type="stmt" count="5"/>
        <line num="74" type="stmt" count="0"/>
        <line num="75" type="stmt" count="0"/>
        <line num="76" type="stmt" count="6"/>
        <line num="77" type="stmt" count="6"/>
        <metrics loc="80" ncloc="47" classes="1" methods="3" coveredmethods="2" conditionals="0" coveredconditionals="0" statements="12" coveredstatements="10" elements="15" coveredelements="12"/>
      </file>
      <file name="/home/runner/work/fingerprint-laravel/fingerprint-laravel/src/FingerprintServiceProvider.php">
        <class name="ErayAydin\Fingerprint\FingerprintServiceProvider" namespace="ErayAydin\Fingerprint">
          <metrics complexity="9" methods="4" coveredmethods="3" conditionals="0" coveredconditionals="0" statements="45" coveredstatements="38" elements="49" coveredelements="41"/>
        </class>
        <line num="45" type="method" name="register" visibility="public" complexity="2" crap="2" count="46"/>
        <line num="47" type="stmt" count="46"/>
        <line num="48" type="stmt" count="46"/>
        <line num="49" type="stmt" count="46"/>
        <line num="50" type="stmt" count="46"/>
        <line num="52" type="stmt" count="46"/>
        <line num="54" type="stmt" count="2"/>
        <line num="57" type="stmt" count="2"/>
        <line num="59" type="stmt" count="2"/>
        <line num="61" type="stmt" count="2"/>
        <line num="62" type="stmt" count="1"/>
        <line num="65" type="stmt" count="1"/>
        <line num="66" type="stmt" count="1"/>
        <line num="67" type="stmt" count="1"/>
        <line num="68" type="stmt" count="1"/>
        <line num="69" type="stmt" count="1"/>
        <line num="70" type="stmt" count="46"/>
        <line num="71" type="stmt" count="46"/>
        <line num="79" type="method" name="boot" visibility="public" complexity="4" crap="4.94" count="46"/>
        <line num="81" type="stmt" count="46"/>
        <line num="82" type="stmt" count="46"/>
        <line num="83" type="stmt" count="46"/>
        <line num="84" type="stmt" count="46"/>
        <line num="87" type="stmt" count="46"/>
        <line num="89" type="stmt" count="0"/>
        <line num="91" type="stmt" count="0"/>
        <line num="92" type="stmt" count="0"/>
        <line num="94" type="stmt" count="0"/>
        <line num="95" type="stmt" count="0"/>
        <line num="98" type="stmt" count="0"/>
        <line num="99" type="stmt" count="46"/>
        <line num="102" type="stmt" count="46"/>
        <line num="104" type="stmt" count="46"/>
        <line num="105" type="stmt" count="46"/>
        <line num="108" type="stmt" count="46"/>
        <line num="110" type="stmt" count="46"/>
        <line num="111" type="stmt" count="0"/>
        <line num="120" type="method" name="registerMiddlewareAliases" visibility="private" complexity="2" crap="2" count="46"/>
        <line num="122" type="stmt" count="46"/>
        <line num="123" type="stmt" count="46"/>
        <line num="132" type="method" name="registerMiddlewareGroup" visibility="private" complexity="1" crap="1" count="46"/>
        <line num="134" type="stmt" count="46"/>
        <line num="135" type="stmt" count="46"/>
        <line num="136" type="stmt" count="46"/>
        <line num="137" type="stmt" count="46"/>
        <line num="138" type="stmt" count="46"/>
        <line num="139" type="stmt" count="46"/>
        <line num="140" type="stmt" count="46"/>
        <line num="141" type="stmt" count="46"/>
        <metrics loc="144" ncloc="111" classes="1" methods="4" coveredmethods="3" conditionals="0" coveredconditionals="0" statements="45" coveredstatements="38" elements="49" coveredelements="41"/>
      </file>
      <file name="/home/runner/work/fingerprint-laravel/fingerprint-laravel/src/Identification.php">
        <class name="ErayAydin\Fingerprint\Identification" namespace="ErayAydin\Fingerprint">
          <metrics complexity="1" methods="1" coveredmethods="1" conditionals="0" coveredconditionals="0" statements="1" coveredstatements="1" elements="2" coveredelements="2"/>
        </class>
        <line num="26" type="method" name="__construct" visibility="public" complexity="1" crap="1" count="12"/>
        <line num="35" type="stmt" count="12"/>
        <metrics loc="37" ncloc="20" classes="1" methods="1" coveredmethods="1" conditionals="0" coveredconditionals="0" statements="1" coveredstatements="1" elements="2" coveredelements="2"/>
      </file>
    </package>
    <package name="ErayAydin\Fingerprint\Exceptions">
      <file name="/home/runner/work/fingerprint-laravel/fingerprint-laravel/src/Exceptions/BotDetectedException.php">
        <class name="ErayAydin\Fingerprint\Exceptions\BotDetectedException" namespace="ErayAydin\Fingerprint\Exceptions">
          <metrics complexity="2" methods="2" coveredmethods="2" conditionals="0" coveredconditionals="0" statements="2" coveredstatements="2" elements="4" coveredelements="4"/>
        </class>
        <line num="12" type="method" name="botDetected" visibility="public" complexity="1" crap="1" count="2"/>
        <line num="14" type="stmt" count="2"/>
        <line num="22" type="method" name="badBotDetected" visibility="public" complexity="1" crap="1" count="2"/>
        <line num="24" type="stmt" count="2"/>
        <metrics loc="27" ncloc="17" classes="1" methods="2" coveredmethods="2" conditionals="0" coveredconditionals="0" statements="2" coveredstatements="2" elements="4" coveredelements="4"/>
      </file>
      <file name="/home/runner/work/fingerprint-laravel/fingerprint-laravel/src/Exceptions/FingerprintException.php">
        <class name="ErayAydin\Fingerprint\Exceptions\FingerprintException" namespace="ErayAydin\Fingerprint\Exceptions">
          <metrics complexity="0" methods="0" coveredmethods="0" conditionals="0" coveredconditionals="0" statements="0" coveredstatements="0" elements="0" coveredelements="0"/>
        </class>
        <metrics loc="8" ncloc="8" classes="0" methods="0" coveredmethods="0" conditionals="0" coveredconditionals="0" statements="0" coveredstatements="0" elements="0" coveredelements="0"/>
      </file>
      <file name="/home/runner/work/fingerprint-laravel/fingerprint-laravel/src/Exceptions/IncognitoModeException.php">
        <class name="ErayAydin\Fingerprint\Exceptions\IncognitoModeException" namespace="ErayAydin\Fingerprint\Exceptions">
          <metrics complexity="1" methods="1" coveredmethods="1" conditionals="0" coveredconditionals="0" statements="1" coveredstatements="1" elements="2" coveredelements="2"/>
        </class>
        <line num="7" type="method" name="incognitoModeDetected" visibility="public" complexity="1" crap="1" count="2"/>
        <line num="9" type="stmt" count="2"/>
        <metrics loc="12" ncloc="12" classes="1" methods="1" coveredmethods="1" conditionals="0" coveredconditionals="0" statements="1" coveredstatements="1" elements="2" coveredelements="2"/>
      </file>
      <file name="/home/runner/work/fingerprint-laravel/fingerprint-laravel/src/Exceptions/InvalidConfiguration.php">
        <class name="ErayAydin\Fingerprint\Exceptions\InvalidConfiguration" namespace="ErayAydin\Fingerprint\Exceptions">
          <metrics complexity="1" methods="1" coveredmethods="1" conditionals="0" coveredconditionals="0" statements="1" coveredstatements="1" elements="2" coveredelements="2"/>
        </class>
        <line num="12" type="method" name="apiKeyNotSpecified" visibility="public" complexity="1" crap="1" count="2"/>
        <line num="14" type="stmt" count="2"/>
        <metrics loc="17" ncloc="12" classes="1" methods="1" coveredmethods="1" conditionals="0" coveredconditionals="0" statements="1" coveredstatements="1" elements="2" coveredelements="2"/>
      </file>
      <file name="/home/runner/work/fingerprint-laravel/fingerprint-laravel/src/Exceptions/MinConfidenceScoreException.php">
        <class name="ErayAydin\Fingerprint\Exceptions\MinConfidenceScoreException" namespace="ErayAydin\Fingerprint\Exceptions">
          <metrics complexity="1" methods="1" coveredmethods="1" conditionals="0" coveredconditionals="0" statements="1" coveredstatements="1" elements="2" coveredelements="2"/>
        </class>
        <line num="7" type="method" name="minConfidenceScoreNotReached" visibility="public" complexity="1" crap="1" count="2"/>
        <line num="9" type="stmt" count="2"/>
        <metrics loc="12" ncloc="12" classes="1" methods="1" coveredmethods="1" conditionals="0" coveredconditionals="0" statements="1" coveredstatements="1" elements="2" coveredelements="2"/>
      </file>
      <file name="/home/runner/work/fingerprint-laravel/fingerprint-laravel/src/Exceptions/OldIdentificationException.php">
        <class name="ErayAydin\Fingerprint\Exceptions\OldIdentificationException" namespace="ErayAydin\Fingerprint\Exceptions">
          <metrics complexity="1" methods="1" coveredmethods="1" conditionals="0" coveredconditionals="0" statements="1" coveredstatements="1" elements="2" coveredelements="2"/>
        </class>
        <line num="7" type="method" name="oldIdentification" visibility="public" complexity="1" crap="1" count="2"/>
        <line num="9" type="stmt" count="2"/>
        <metrics loc="12" ncloc="12" classes="1" methods="1" coveredmethods="1" conditionals="0" coveredconditionals="0" statements="1" coveredstatements="1" elements="2" coveredelements="2"/>
      </file>
      <file name="/home/runner/work/fingerprint-laravel/fingerprint-laravel/src/Exceptions/RegionNotSupportedException.php">
        <class name="ErayAydin\Fingerprint\Exceptions\RegionNotSupportedException" namespace="ErayAydin\Fingerprint\Exceptions">
          <metrics complexity="1" methods="1" coveredmethods="1" conditionals="0" coveredconditionals="0" statements="1" coveredstatements="1" elements="2" coveredelements="2"/>
        </class>
        <line num="7" type="method" name="regionNotSupported" visibility="public" complexity="1" crap="1" count="2"/>
        <line num="9" type="stmt" count="2"/>
        <metrics loc="12" ncloc="12" classes="1" methods="1" coveredmethods="1" conditionals="0" coveredconditionals="0" statements="1" coveredstatements="1" elements="2" coveredelements="2"/>
      </file>
      <file name="/home/runner/work/fingerprint-laravel/fingerprint-laravel/src/Exceptions/TorDetectionException.php">
        <class name="ErayAydin\Fingerprint\Exceptions\TorDetectionException" namespace="ErayAydin\Fingerprint\Exceptions">
          <metrics complexity="2" methods="2" coveredmethods="2" conditionals="0" coveredconditionals="0" statements="2" coveredstatements="2" elements="4" coveredelements="4"/>
        </class>
        <line num="12" type="method" name="torDetected" visibility="public" complexity="1" crap="1" count="2"/>
        <line num="14" type="stmt" count="2"/>
        <line num="22" type="method" name="torDetectionRequired" visibility="public" complexity="1" crap="1" count="2"/>
        <line num="24" type="stmt" count="2"/>
        <metrics loc="27" ncloc="17" classes="1" methods="2" coveredmethods="2" conditionals="0" coveredconditionals="0" statements="2" coveredstatements="2" elements="4" coveredelements="4"/>
      </file>
      <file name="/home/runner/work/fingerprint-laravel/fingerprint-laravel/src/Exceptions/VPNDetectedException.php">
        <class name="ErayAydin\Fingerprint\Exceptions\VPNDetectedException" namespace="ErayAydin\Fingerprint\Exceptions">
          <metrics complexity="1" methods="1" coveredmethods="1" conditionals="0" coveredconditionals="0" statements="1" coveredstatements="1" elements="2" coveredelements="2"/>
        </class>
        <line num="12" type="method" name="vpnDetected" visibility="public" complexity="1" crap="1" count="2"/>
        <line num="14" type="stmt" count="2"/>
        <metrics loc="17" ncloc="12" classes="1" methods="1" coveredmethods="1" conditionals="0" coveredconditionals="0" statements="1" coveredstatements="1" elements="2" coveredelements="2"/>
      </file>
    </package>
    <package name="ErayAydin\Fingerprint\Facades">
      <file name="/home/runner/work/fingerprint-laravel/fingerprint-laravel/src/Facades/Fingerprint.php">
        <class name="ErayAydin\Fingerprint\Facades\Fingerprint" namespace="ErayAydin\Fingerprint\Facades">
          <metrics complexity="1" methods="1" coveredmethods="1" conditionals="0" coveredconditionals="0" statements="1" coveredstatements="1" elements="2" coveredelements="2"/>
        </class>
        <line num="12" type="method" name="getFacadeAccessor" visibility="protected" complexity="1" crap="1" count="1"/>
        <line num="14" type="stmt" count="1"/>
        <metrics loc="17" ncloc="14" classes="1" methods="1" coveredmethods="1" conditionals="0" coveredconditionals="0" statements="1" coveredstatements="1" elements="2" coveredelements="2"/>
      </file>
    </package>
    <package name="ErayAydin\Fingerprint\Http\Middleware">
      <file name="/home/runner/work/fingerprint-laravel/fingerprint-laravel/src/Http/Middleware/BlockBotsMiddleware.php">
        <class name="ErayAydin\Fingerprint\Http\Middleware\BlockBotsMiddleware" namespace="ErayAydin\Fingerprint\Http\Middleware">
          <metrics complexity="9" methods="4" coveredmethods="3" conditionals="0" coveredconditionals="0" statements="13" coveredstatements="12" elements="17" coveredelements="15"/>
        </class>
        <line num="27" type="method" name="__construct" visibility="public" complexity="1" crap="1" count="3"/>
        <line num="31" type="stmt" count="3"/>
        <line num="42" type="method" name="__invoke" visibility="public" complexity="3" crap="3" count="3"/>
        <line num="44" type="stmt" count="3"/>
        <line num="46" type="stmt" count="3"/>
        <line num="47" type="stmt" count="1"/>
        <line num="50" type="stmt" count="2"/>
        <line num="51" type="stmt" count="1"/>
        <line num="54" type="stmt" count="1"/>
        <line num="62" type="method" name="isBadBotDetected" visibility="private" complexity="2" crap="2" count="3"/>
        <line num="64" type="stmt" count="3"/>
        <line num="65" type="stmt" count="2"/>
        <line num="68" type="stmt" count="1"/>
        <line num="76" type="method" name="isAnyBotDetected" visibility="private" complexity="3" crap="3.33" count="2"/>
        <line num="78" type="stmt" count="2"/>
        <line num="79" type="stmt" count="0"/>
        <line num="82" type="stmt" count="2"/>
        <metrics loc="85" ncloc="57" classes="1" methods="4" coveredmethods="3" conditionals="0" coveredconditionals="0" statements="13" coveredstatements="12" elements="17" coveredelements="15"/>
      </file>
      <file name="/home/runner/work/fingerprint-laravel/fingerprint-laravel/src/Http/Middleware/BlockIncognitoMiddleware.php">
        <class name="ErayAydin\Fingerprint\Http\Middleware\BlockIncognitoMiddleware" namespace="ErayAydin\Fingerprint\Http\Middleware">
          <metrics complexity="4" methods="2" coveredmethods="2" conditionals="0" coveredconditionals="0" statements="5" coveredstatements="5" elements="7" coveredelements="7"/>
        </class>
        <line num="25" type="method" name="__construct" visibility="public" complexity="1" crap="1" count="3"/>
        <line num="29" type="stmt" count="3"/>
        <line num="40" type="method" name="__invoke" visibility="public" complexity="3" crap="3" count="3"/>
        <line num="42" type="stmt" count="3"/>
        <line num="44" type="stmt" count="3"/>
        <line num="45" type="stmt" count="1"/>
        <line num="48" type="stmt" count="2"/>
        <metrics loc="51" ncloc="33" classes="1" methods="2" coveredmethods="2" conditionals="0" coveredconditionals="0" statements="5" coveredstatements="5" elements="7" coveredelements="7"/>
      </file>
      <file name="/home/runner/work/fingerprint-laravel/fingerprint-laravel/src/Http/Middleware/BlockOldIdentificationMiddleware.php">
        <class name="ErayAydin\Fingerprint\Http\Middleware\BlockOldIdentificationMiddleware" namespace="ErayAydin\Fingerprint\Http\Middleware">
          <metrics complexity="3" methods="2" coveredmethods="2" conditionals="0" coveredconditionals="0" statements="5" coveredstatements="5" elements="7" coveredelements="7"/>
        </class>
        <line num="27" type="method" name="__construct" visibility="public" complexity="1" crap="1" count="2"/>
        <line num="31" type="stmt" count="2"/>
        <line num="42" type="method" name="__invoke" visibility="public" complexity="2" crap="2" count="2"/>
        <line num="44" type="stmt" count="2"/>
        <line num="46" type="stmt" count="2"/>
        <line num="47" type="stmt" count="1"/>
        <line num="50" type="stmt" count="1"/>
        <metrics loc="53" ncloc="35" classes="1" methods="2" coveredmethods="2" conditionals="0" coveredconditionals="0" statements="5" coveredstatements="5" elements="7" coveredelements="7"/>
      </file>
      <file name="/home/runner/work/fingerprint-laravel/fingerprint-laravel/src/Http/Middleware/BlockTorMiddleware.php">
        <class name="ErayAydin\Fingerprint\Http\Middleware\BlockTorMiddleware" namespace="ErayAydin\Fingerprint\Http\Middleware">
          <metrics complexity="6" methods="2" coveredmethods="2" conditionals="0" coveredconditionals="0" statements="7" coveredstatements="7" elements="9" coveredelements="9"/>
        </class>
        <line num="26" type="method" name="__construct" visibility="public" complexity="1" crap="1" count="4"/>
        <line num="30" type="stmt" count="4"/>
        <line num="41" type="method" name="__invoke" visibility="public" complexity="5" crap="5" count="4"/>
        <line num="43" type="stmt" count="4"/>
        <line num="45" type="stmt" count="4"/>
        <line num="46" type="stmt" count="1"/>
        <line num="49" type="stmt" count="3"/>
        <line num="50" type="stmt" count="1"/>
        <line num="53" type="stmt" count="2"/>
        <metrics loc="56" ncloc="38" classes="1" methods="2" coveredmethods="2" conditionals="0" coveredconditionals="0" statements="7" coveredstatements="7" elements="9" coveredelements="9"/>
      </file>
      <file name="/home/runner/work/fingerprint-laravel/fingerprint-laravel/src/Http/Middleware/BlockVPNMiddleware.php">
        <class name="ErayAydin\Fingerprint\Http\Middleware\BlockVPNMiddleware" namespace="ErayAydin\Fingerprint\Http\Middleware">
          <metrics complexity="4" methods="2" coveredmethods="2" conditionals="0" coveredconditionals="0" statements="4" coveredstatements="4" elements="6" coveredelements="6"/>
        </class>
        <line num="25" type="method" name="__construct" visibility="public" complexity="1" crap="1" count="3"/>
        <line num="29" type="stmt" count="3"/>
        <line num="38" type="method" name="__invoke" visibility="public" complexity="3" crap="3" count="3"/>
        <line num="40" type="stmt" count="3"/>
        <line num="41" type="stmt" count="1"/>
        <line num="44" type="stmt" count="2"/>
        <metrics loc="47" ncloc="31" classes="1" methods="2" coveredmethods="2" conditionals="0" coveredconditionals="0" statements="4" coveredstatements="4" elements="6" coveredelements="6"/>
      </file>
      <file name="/home/runner/work/fingerprint-laravel/fingerprint-laravel/src/Http/Middleware/MinConfidenceScoreMiddleware.php">
        <class name="ErayAydin\Fingerprint\Http\Middleware\MinConfidenceScoreMiddleware" namespace="ErayAydin\Fingerprint\Http\Middleware">
          <metrics complexity="4" methods="2" coveredmethods="2" conditionals="0" coveredconditionals="0" statements="5" coveredstatements="5" elements="7" coveredelements="7"/>
        </class>
        <line num="26" type="method" name="__construct" visibility="public" complexity="1" crap="1" count="3"/>
        <line num="30" type="stmt" count="3"/>
        <line num="39" type="method" name="__invoke" visibility="public" complexity="3" crap="3" count="3"/>
        <line num="41" type="stmt" count="3"/>
        <line num="43" type="stmt" count="3"/>
        <line num="44" type="stmt" count="1"/>
        <line num="47" type="stmt" count="2"/>
        <metrics loc="50" ncloc="33" classes="1" methods="2" coveredmethods="2" conditionals="0" coveredconditionals="0" statements="5" coveredstatements="5" elements="7" coveredelements="7"/>
      </file>
    </package>
    <metrics files="25" loc="1074" ncloc="720" classes="21" methods="46" coveredmethods="42" conditionals="0" coveredconditionals="0" statements="164" coveredstatements="153" elements="210" coveredelements="195"/>
  </project>
</coverage>
